<?xml version="1.0" encoding="UTF-8" ?>
<testsuite tests="22" failures="0" name="com.brain.ccsb.RunnerTest" time="0.003" errors="0" skipped="0">
  <properties>
    <property name="env.CBURL" value="https://kt-login.cengage.com/cb/login.htm"/>
    <property name="env.PRODUCT" value="Lamb/Hair/McDaniel, MKTG (with Online 1 term (6 months) Printed Access Card), 9th Edition"/>
    <property name="java.runtime.name" value="Java(TM) SE Runtime Environment"/>
    <property name="sun.boot.library.path" value="/Library/Java/JavaVirtualMachines/jdk1.8.0_40.jdk/Contents/Home/jre/lib"/>
    <property name="java.vm.version" value="25.40-b25"/>
    <property name="gopherProxySet" value="false"/>
    <property name="java.vm.vendor" value="Oracle Corporation"/>
    <property name="maven.multiModuleProjectDirectory" value="/Users/ikumar/Documents/workspace/ccsb"/>
    <property name="java.vendor.url" value="http://java.oracle.com/"/>
    <property name="path.separator" value=":"/>
    <property name="guice.disable.misplaced.annotation.check" value="true"/>
    <property name="java.vm.name" value="Java HotSpot(TM) 64-Bit Server VM"/>
    <property name="file.encoding.pkg" value="sun.io"/>
    <property name="user.country" value="US"/>
    <property name="sun.java.launcher" value="SUN_STANDARD"/>
    <property name="sun.os.patch.level" value="unknown"/>
    <property name="java.vm.specification.name" value="Java Virtual Machine Specification"/>
    <property name="user.dir" value="/Users/ikumar/Documents/workspace/ccsb"/>
    <property name="java.runtime.version" value="1.8.0_40-b25"/>
    <property name="java.awt.graphicsenv" value="sun.awt.CGraphicsEnvironment"/>
    <property name="java.endorsed.dirs" value="/Library/Java/JavaVirtualMachines/jdk1.8.0_40.jdk/Contents/Home/jre/lib/endorsed"/>
    <property name="os.arch" value="x86_64"/>
    <property name="java.io.tmpdir" value="/var/folders/pc/z78y54ks0jx4grm_tlw_lbmhslwx3r/T/"/>
    <property name="line.separator" value="
"/>
    <property name="java.vm.specification.vendor" value="Oracle Corporation"/>
    <property name="os.name" value="Mac OS X"/>
    <property name="classworlds.conf" value="/usr/local/Cellar/maven/3.3.1/libexec/bin/m2.conf"/>
    <property name="sun.jnu.encoding" value="UTF-8"/>
    <property name="java.library.path" value="/Users/ikumar/Library/Java/Extensions:/Library/Java/Extensions:/Network/Library/Java/Extensions:/System/Library/Java/Extensions:/usr/lib/java:."/>
    <property name="env.OLRURL" value="http://kt-olradmin.cengage.com/olr/admin/indes.jsp"/>
    <property name="java.specification.name" value="Java Platform API Specification"/>
    <property name="java.class.version" value="52.0"/>
    <property name="sun.management.compiler" value="HotSpot 64-Bit Tiered Compilers"/>
    <property name="os.version" value="10.10.2"/>
    <property name="http.nonProxyHosts" value="local|*.local|169.254/16|*.169.254/16"/>
    <property name="user.home" value="/Users/ikumar"/>
    <property name="user.timezone" value="America/New_York"/>
    <property name="java.awt.printerjob" value="sun.lwawt.macosx.CPrinterJob"/>
    <property name="java.specification.version" value="1.8"/>
    <property name="file.encoding" value="UTF-8"/>
    <property name="user.name" value="ikumar"/>
    <property name="java.class.path" value="/usr/local/Cellar/maven/3.3.1/libexec/boot/plexus-classworlds-2.5.2.jar"/>
    <property name="java.vm.specification.version" value="1.8"/>
    <property name="sun.arch.data.model" value="64"/>
    <property name="java.home" value="/Library/Java/JavaVirtualMachines/jdk1.8.0_40.jdk/Contents/Home/jre"/>
    <property name="sun.java.command" value="org.codehaus.plexus.classworlds.launcher.Launcher clean test -Denv.CBURL=https://kt-login.cengage.com/cb/login.htm -Denv.OLRURL=http://kt-olradmin.cengage.com/olr/admin/indes.jsp -Denv.PRODUCT=Lamb/Hair/McDaniel, MKTG (with Online 1 term (6 months) Printed Access Card), 9th Edition"/>
    <property name="java.specification.vendor" value="Oracle Corporation"/>
    <property name="user.language" value="en"/>
    <property name="awt.toolkit" value="sun.lwawt.macosx.LWCToolkit"/>
    <property name="java.vm.info" value="mixed mode"/>
    <property name="java.version" value="1.8.0_40"/>
    <property name="java.ext.dirs" value="/Users/ikumar/Library/Java/Extensions:/Library/Java/JavaVirtualMachines/jdk1.8.0_40.jdk/Contents/Home/jre/lib/ext:/Library/Java/Extensions:/Network/Library/Java/Extensions:/System/Library/Java/Extensions:/usr/lib/java"/>
    <property name="sun.boot.class.path" value="/Library/Java/JavaVirtualMachines/jdk1.8.0_40.jdk/Contents/Home/jre/lib/resources.jar:/Library/Java/JavaVirtualMachines/jdk1.8.0_40.jdk/Contents/Home/jre/lib/rt.jar:/Library/Java/JavaVirtualMachines/jdk1.8.0_40.jdk/Contents/Home/jre/lib/sunrsasign.jar:/Library/Java/JavaVirtualMachines/jdk1.8.0_40.jdk/Contents/Home/jre/lib/jsse.jar:/Library/Java/JavaVirtualMachines/jdk1.8.0_40.jdk/Contents/Home/jre/lib/jce.jar:/Library/Java/JavaVirtualMachines/jdk1.8.0_40.jdk/Contents/Home/jre/lib/charsets.jar:/Library/Java/JavaVirtualMachines/jdk1.8.0_40.jdk/Contents/Home/jre/lib/jfr.jar:/Library/Java/JavaVirtualMachines/jdk1.8.0_40.jdk/Contents/Home/jre/classes"/>
    <property name="java.vendor" value="Oracle Corporation"/>
    <property name="maven.home" value="/usr/local/Cellar/maven/3.3.1/libexec"/>
    <property name="file.separator" value="/"/>
    <property name="java.vendor.url.bug" value="http://bugreport.sun.com/bugreport/"/>
    <property name="sun.cpu.endian" value="little"/>
    <property name="sun.io.unicode.encoding" value="UnicodeBig"/>
    <property name="socksNonProxyHosts" value="local|*.local|169.254/16|*.169.254/16"/>
    <property name="ftp.nonProxyHosts" value="local|*.local|169.254/16|*.169.254/16"/>
    <property name="sun.cpu.isalist" value=""/>
  </properties>
  <testcase classname="Scenario: User should be able to log-in and Create variant" name="Given I am on Cengage Brain log-in screen" time="0.002"/>
  <testcase classname="Scenario: User should be able to log-in and Create variant" name="When Enter valid credential" time="0"/>
  <testcase classname="Scenario: User should be able to log-in and Create variant" name="And Click on login button" time="0"/>
  <testcase classname="Scenario: User should be able to log-in and Create variant" name="Then User is logged in successfully &quot;Instructor SSO - Instructor Resource Center&quot;" time="0"/>
  <testcase classname="Scenario: User should be able to log-in and Create variant" name="Then Select the product from drop down" time="0"/>
  <testcase classname="Scenario: User should be able to log-in and Create variant" name="Then Click on Create Course link" time="0"/>
  <testcase classname="Scenario: User should be able to log-in and Create variant" name="Then Select the Radio button for create new course" time="0"/>
  <testcase classname="Scenario: User should be able to log-in and Create variant" name="Then Enter all required details" time="0"/>
  <testcase classname="Scenario: User should be able to log-in and Create variant" name="Then Click on Create Course" time="0"/>
  <testcase classname="Scenario: User should be able to log-in and Create variant" name="Then User is logged in successfully &quot;Instructor SSO - Create Course Confirmation&quot;" time="0"/>
  <testcase classname="Scenario: User should be able to log-in and Create variant" name="Then Course key is generated and captured" time="0"/>
  <testcase classname="Scenario: User should be able to log-in and Create variant" name="Then Logout from Cengage Brain" time="0"/>
  <testcase classname="Scenario: User should be able to log-in and Create variant" name="Scenario: User should be able to log-in and Create variant" time="0.001"/>
  <testcase classname="Scenario: Login to OLR and Validate CGI" name="Given Login page of OLR" time="0"/>
  <testcase classname="Scenario: Login to OLR and Validate CGI" name="When Enter credentials as below" time="0"/>
  <testcase classname="Scenario: Login to OLR and Validate CGI" name="And Click on log-in button" time="0"/>
  <testcase classname="Scenario: Login to OLR and Validate CGI" name="Then User is logged in successfully" time="0"/>
  <testcase classname="Scenario: Login to OLR and Validate CGI" name="Then Navigate to Course frame" time="0"/>
  <testcase classname="Scenario: Login to OLR and Validate CGI" name="Then Enter the Course key" time="0"/>
  <testcase classname="Scenario: Login to OLR and Validate CGI" name="Then Grep the CGI" time="0"/>
  <testcase classname="Scenario: Login to OLR and Validate CGI" name="Then Write the CGI in Excel" time="0"/>
  <testcase classname="Scenario: Login to OLR and Validate CGI" name="Scenario: Login to OLR and Validate CGI" time="0"/>
</testsuite>